# JRE version: OpenJDK Runtime Environment (8.0_242) (build 1.8.0_242-release-1644-b3-6222593)
# Java VM: OpenJDK 64-Bit Server VM (25.242-b3-6222593 mixed mode linux-amd64 compressed oops)
Heap:
 PSYoungGen      total 372736K, used 17408K [0x00000000e0000000, 0x00000000f8480000, 0x0000000100000000)
  eden space 350208K, 0% used [0x00000000e0000000,0x00000000e0000000,0x00000000f5600000)
  from space 22528K, 77% used [0x00000000f5880000,0x00000000f6980360,0x00000000f6e80000)
  to   space 19456K, 0% used [0x00000000f7180000,0x00000000f7180000,0x00000000f8480000)
 ParOldGen       total 123392K, used 49987K [0x00000000a0000000, 0x00000000a7880000, 0x00000000e0000000)
  object space 123392K, 40% used [0x00000000a0000000,0x00000000a30d0fc8,0x00000000a7880000)
 Metaspace       used 77904K, capacity 81510K, committed 81752K, reserved 1120256K
  class space    used 10551K, capacity 11268K, committed 11352K, reserved 1048576K
GC Heap History (10 events):
Event: 27,516 GC heap after
Heap after GC invocations=11 (full 2):
 PSYoungGen      total 220672K, used 13794K [0x00000000e0000000, 0x00000000f2580000, 0x0000000100000000)
  eden space 206848K, 0% used [0x00000000e0000000,0x00000000e0000000,0x00000000eca00000)
  from space 13824K, 99% used [0x00000000eca00000,0x00000000ed778930,0x00000000ed780000)
  to   space 15872K, 0% used [0x00000000f1600000,0x00000000f1600000,0x00000000f2580000)
 ParOldGen       total 80896K, used 15756K [0x00000000a0000000, 0x00000000a4f00000, 0x00000000e0000000)
  object space 80896K, 19% used [0x00000000a0000000,0x00000000a0f63398,0x00000000a4f00000)
 Metaspace       used 43354K, capacity 45252K, committed 45528K, reserved 1089536K
  class space    used 5840K, capacity 6239K, committed 6360K, reserved 1048576K
}
Event: 35,162 GC heap before
{Heap before GC invocations=12 (full 2):
 PSYoungGen      total 220672K, used 220642K [0x00000000e0000000, 0x00000000f2580000, 0x0000000100000000)
  eden space 206848K, 100% used [0x00000000e0000000,0x00000000eca00000,0x00000000eca00000)
  from space 13824K, 99% used [0x00000000eca00000,0x00000000ed778930,0x00000000ed780000)
  to   space 15872K, 0% used [0x00000000f1600000,0x00000000f1600000,0x00000000f2580000)
 ParOldGen       total 80896K, used 15756K [0x00000000a0000000, 0x00000000a4f00000, 0x00000000e0000000)
  object space 80896K, 19% used [0x00000000a0000000,0x00000000a0f63398,0x00000000a4f00000)
 Metaspace       used 52623K, capacity 54854K, committed 55128K, reserved 1097728K
  class space    used 6991K, capacity 7415K, committed 7512K, reserved 1048576K
Event: 35,281 GC heap after
Heap after GC invocations=12 (full 2):
 PSYoungGen      total 280576K, used 15860K [0x00000000e0000000, 0x00000000f2b00000, 0x0000000100000000)
  eden space 264704K, 0% used [0x00000000e0000000,0x00000000e0000000,0x00000000f0280000)
  from space 15872K, 99% used [0x00000000f1600000,0x00000000f257d3a8,0x00000000f2580000)
  to   space 19968K, 0% used [0x00000000f0280000,0x00000000f0280000,0x00000000f1600000)
 ParOldGen       total 80896K, used 21976K [0x00000000a0000000, 0x00000000a4f00000, 0x00000000e0000000)
  object space 80896K, 27% used [0x00000000a0000000,0x00000000a1576058,0x00000000a4f00000)
 Metaspace       used 52623K, capacity 54854K, committed 55128K, reserved 1097728K
  class space    used 6991K, capacity 7415K, committed 7512K, reserved 1048576K
}
Event: 37,250 GC heap before
{Heap before GC invocations=13 (full 2):
 PSYoungGen      total 280576K, used 91128K [0x00000000e0000000, 0x00000000f2b00000, 0x0000000100000000)
  eden space 264704K, 28% used [0x00000000e0000000,0x00000000e4980c98,0x00000000f0280000)
  from space 15872K, 99% used [0x00000000f1600000,0x00000000f257d3a8,0x00000000f2580000)
  to   space 19968K, 0% used [0x00000000f0280000,0x00000000f0280000,0x00000000f1600000)
 ParOldGen       total 80896K, used 21976K [0x00000000a0000000, 0x00000000a4f00000, 0x00000000e0000000)
  object space 80896K, 27% used [0x00000000a0000000,0x00000000a1576058,0x00000000a4f00000)
 Metaspace       used 56461K, capacity 58812K, committed 58968K, reserved 1099776K
  class space    used 7457K, capacity 7912K, committed 8024K, reserved 1048576K
Event: 37,394 GC heap after
Heap after GC invocations=13 (full 2):
 PSYoungGen      total 284672K, used 8042K [0x00000000e0000000, 0x00000000f8480000, 0x0000000100000000)
  eden space 264704K, 0% used [0x00000000e0000000,0x00000000e0000000,0x00000000f0280000)
  from space 19968K, 40% used [0x00000000f0280000,0x00000000f0a5a920,0x00000000f1600000)
  to   space 19456K, 0% used [0x00000000f7180000,0x00000000f7180000,0x00000000f8480000)
 ParOldGen       total 80896K, used 37306K [0x00000000a0000000, 0x00000000a4f00000, 0x00000000e0000000)
  object space 80896K, 46% used [0x00000000a0000000,0x00000000a246e9e0,0x00000000a4f00000)
 Metaspace       used 56461K, capacity 58812K, committed 58968K, reserved 1099776K
  class space    used 7457K, capacity 7912K, committed 8024K, reserved 1048576K
}
Event: 37,394 GC heap before
{Heap before GC invocations=14 (full 3):
 PSYoungGen      total 284672K, used 8042K [0x00000000e0000000, 0x00000000f8480000, 0x0000000100000000)
  eden space 264704K, 0% used [0x00000000e0000000,0x00000000e0000000,0x00000000f0280000)
  from space 19968K, 40% used [0x00000000f0280000,0x00000000f0a5a920,0x00000000f1600000)
  to   space 19456K, 0% used [0x00000000f7180000,0x00000000f7180000,0x00000000f8480000)
 ParOldGen       total 80896K, used 37306K [0x00000000a0000000, 0x00000000a4f00000, 0x00000000e0000000)
  object space 80896K, 46% used [0x00000000a0000000,0x00000000a246e9e0,0x00000000a4f00000)
 Metaspace       used 56461K, capacity 58812K, committed 58968K, reserved 1099776K
  class space    used 7457K, capacity 7912K, committed 8024K, reserved 1048576K
Event: 37,831 GC heap after
Heap after GC invocations=14 (full 3):
 PSYoungGen      total 284672K, used 0K [0x00000000e0000000, 0x00000000f8480000, 0x0000000100000000)
  eden space 264704K, 0% used [0x00000000e0000000,0x00000000e0000000,0x00000000f0280000)
  from space 19968K, 0% used [0x00000000f0280000,0x00000000f0280000,0x00000000f1600000)
  to   space 19456K, 0% used [0x00000000f7180000,0x00000000f7180000,0x00000000f8480000)
 ParOldGen       total 123392K, used 37176K [0x00000000a0000000, 0x00000000a7880000, 0x00000000e0000000)
  object space 123392K, 30% used [0x00000000a0000000,0x00000000a244e088,0x00000000a7880000)
 Metaspace       used 56457K, capacity 58800K, committed 58968K, reserved 1099776K
  class space    used 7455K, capacity 7910K, committed 8024K, reserved 1048576K
}
Event: 49,430 GC heap before
{Heap before GC invocations=15 (full 3):
 PSYoungGen      total 284672K, used 264704K [0x00000000e0000000, 0x00000000f8480000, 0x0000000100000000)
  eden space 264704K, 100% used [0x00000000e0000000,0x00000000f0280000,0x00000000f0280000)
  from space 19968K, 0% used [0x00000000f0280000,0x00000000f0280000,0x00000000f1600000)
  to   space 19456K, 0% used [0x00000000f7180000,0x00000000f7180000,0x00000000f8480000)
 ParOldGen       total 123392K, used 37176K [0x00000000a0000000, 0x00000000a7880000, 0x00000000e0000000)
  object space 123392K, 30% used [0x00000000a0000000,0x00000000a244e088,0x00000000a7880000)
 Metaspace       used 69323K, capacity 72300K, committed 72536K, reserved 1112064K
  class space    used 9450K, capacity 10017K, committed 10072K, reserved 1048576K
Event: 49,485 GC heap after
Heap after GC invocations=15 (full 3):
 PSYoungGen      total 369664K, used 19440K [0x00000000e0000000, 0x00000000f8480000, 0x0000000100000000)
  eden space 350208K, 0% used [0x00000000e0000000,0x00000000e0000000,0x00000000f5600000)
  from space 19456K, 99% used [0x00000000f7180000,0x00000000f847c210,0x00000000f8480000)
  to   space 22528K, 0% used [0x00000000f5880000,0x00000000f5880000,0x00000000f6e80000)
 ParOldGen       total 123392K, used 38182K [0x00000000a0000000, 0x00000000a7880000, 0x00000000e0000000)
  object space 123392K, 30% used [0x00000000a0000000,0x00000000a2549af0,0x00000000a7880000)
 Metaspace       used 69323K, capacity 72300K, committed 72536K, reserved 1112064K
  class space    used 9450K, capacity 10017K, committed 10072K, reserved 1048576K
}
Event: 65,942 GC heap before
{Heap before GC invocations=16 (full 3):
 PSYoungGen      total 369664K, used 369648K [0x00000000e0000000, 0x00000000f8480000, 0x0000000100000000)
  eden space 350208K, 100% used [0x00000000e0000000,0x00000000f5600000,0x00000000f5600000)
  from space 19456K, 99% used [0x00000000f7180000,0x00000000f847c210,0x00000000f8480000)
  to   space 22528K, 0% used [0x00000000f5880000,0x00000000f5880000,0x00000000f6e80000)
 ParOldGen       total 123392K, used 38182K [0x00000000a0000000, 0x00000000a7880000, 0x00000000e0000000)
  object space 123392K, 30% used [0x00000000a0000000,0x00000000a2549af0,0x00000000a7880000)
 Metaspace       used 77904K, capacity 81510K, committed 81752K, reserved 1120256K
  class space    used 10551K, capacity 11268K, committed 11352K, reserved 1048576K

