# JRE version: OpenJDK Runtime Environment (8.0_212) (build 1.8.0_212-release-1586-b4-5784211)
# Java VM: OpenJDK 64-Bit Server VM (25.212-b4-5784211 mixed mode linux-amd64 compressed oops)
Heap:
 PSYoungGen      total 292352K, used 38313K [0x00000000e0000000, 0x00000000f4b00000, 0x0000000100000000)
  eden space 245760K, 0% used [0x00000000e0000000,0x00000000e0000000,0x00000000ef000000)
  from space 46592K, 82% used [0x00000000ef000000,0x00000000f156a5a0,0x00000000f1d80000)
  to   space 40960K, 0% used [0x00000000f2300000,0x00000000f2300000,0x00000000f4b00000)
 ParOldGen       total 224768K, used 66248K [0x00000000a0000000, 0x00000000adb80000, 0x00000000e0000000)
  object space 224768K, 29% used [0x00000000a0000000,0x00000000a40b22b8,0x00000000adb80000)
 Metaspace       used 102720K, capacity 106288K, committed 106560K, reserved 1142784K
  class space    used 13329K, capacity 14096K, committed 14168K, reserved 1048576K
GC Heap History (10 events):
Event: 21,696 GC heap after
Heap after GC invocations=14 (full 3):
 PSYoungGen      total 196096K, used 15278K [0x00000000e0000000, 0x00000000efb00000, 0x0000000100000000)
  eden space 174080K, 0% used [0x00000000e0000000,0x00000000e0000000,0x00000000eaa00000)
  from space 22016K, 69% used [0x00000000eaa00000,0x00000000eb8eb868,0x00000000ebf80000)
  to   space 22528K, 0% used [0x00000000ee500000,0x00000000ee500000,0x00000000efb00000)
 ParOldGen       total 150016K, used 39375K [0x00000000a0000000, 0x00000000a9280000, 0x00000000e0000000)
  object space 150016K, 26% used [0x00000000a0000000,0x00000000a2673e68,0x00000000a9280000)
 Metaspace       used 62647K, capacity 64636K, committed 64728K, reserved 1105920K
  class space    used 8617K, capacity 9106K, committed 9176K, reserved 1048576K
}
Event: 27,212 GC heap before
{Heap before GC invocations=15 (full 3):
 PSYoungGen      total 196096K, used 189358K [0x00000000e0000000, 0x00000000efb00000, 0x0000000100000000)
  eden space 174080K, 100% used [0x00000000e0000000,0x00000000eaa00000,0x00000000eaa00000)
  from space 22016K, 69% used [0x00000000eaa00000,0x00000000eb8eb868,0x00000000ebf80000)
  to   space 22528K, 0% used [0x00000000ee500000,0x00000000ee500000,0x00000000efb00000)
 ParOldGen       total 150016K, used 39375K [0x00000000a0000000, 0x00000000a9280000, 0x00000000e0000000)
  object space 150016K, 26% used [0x00000000a0000000,0x00000000a2673e68,0x00000000a9280000)
 Metaspace       used 75777K, capacity 77964K, committed 78296K, reserved 1116160K
  class space    used 10106K, capacity 10596K, committed 10712K, reserved 1048576K
Event: 27,362 GC heap after
Heap after GC invocations=15 (full 3):
 PSYoungGen      total 225280K, used 22524K [0x00000000e0000000, 0x00000000f1000000, 0x0000000100000000)
  eden space 202752K, 0% used [0x00000000e0000000,0x00000000e0000000,0x00000000ec600000)
  from space 22528K, 99% used [0x00000000ee500000,0x00000000efaff250,0x00000000efb00000)
  to   space 31744K, 0% used [0x00000000ec600000,0x00000000ec600000,0x00000000ee500000)
 ParOldGen       total 150016K, used 55677K [0x00000000a0000000, 0x00000000a9280000, 0x00000000e0000000)
  object space 150016K, 37% used [0x00000000a0000000,0x00000000a365f460,0x00000000a9280000)
 Metaspace       used 75777K, capacity 77964K, committed 78296K, reserved 1116160K
  class space    used 10106K, capacity 10596K, committed 10712K, reserved 1048576K
}
Event: 32,743 GC heap before
{Heap before GC invocations=16 (full 3):
 PSYoungGen      total 225280K, used 225276K [0x00000000e0000000, 0x00000000f1000000, 0x0000000100000000)
  eden space 202752K, 100% used [0x00000000e0000000,0x00000000ec600000,0x00000000ec600000)
  from space 22528K, 99% used [0x00000000ee500000,0x00000000efaff250,0x00000000efb00000)
  to   space 31744K, 0% used [0x00000000ec600000,0x00000000ec600000,0x00000000ee500000)
 ParOldGen       total 150016K, used 55677K [0x00000000a0000000, 0x00000000a9280000, 0x00000000e0000000)
  object space 150016K, 37% used [0x00000000a0000000,0x00000000a365f460,0x00000000a9280000)
 Metaspace       used 80143K, capacity 82542K, committed 82648K, reserved 1120256K
  class space    used 10562K, capacity 11123K, committed 11224K, reserved 1048576K
Event: 32,907 GC heap after
Heap after GC invocations=16 (full 3):
 PSYoungGen      total 234496K, used 31724K [0x00000000e0000000, 0x00000000f4e00000, 0x0000000100000000)
  eden space 202752K, 0% used [0x00000000e0000000,0x00000000e0000000,0x00000000ec600000)
  from space 31744K, 99% used [0x00000000ec600000,0x00000000ee4fb180,0x00000000ee500000)
  to   space 44032K, 0% used [0x00000000f2300000,0x00000000f2300000,0x00000000f4e00000)
 ParOldGen       total 150016K, used 75335K [0x00000000a0000000, 0x00000000a9280000, 0x00000000e0000000)
  object space 150016K, 50% used [0x00000000a0000000,0x00000000a4991f48,0x00000000a9280000)
 Metaspace       used 80143K, capacity 82542K, committed 82648K, reserved 1120256K
  class space    used 10562K, capacity 11123K, committed 11224K, reserved 1048576K
}
Event: 314,203 GC heap before
{Heap before GC invocations=17 (full 3):
 PSYoungGen      total 234496K, used 232744K [0x00000000e0000000, 0x00000000f4e00000, 0x0000000100000000)
  eden space 202752K, 99% used [0x00000000e0000000,0x00000000ec44f150,0x00000000ec600000)
  from space 31744K, 99% used [0x00000000ec600000,0x00000000ee4fb180,0x00000000ee500000)
  to   space 44032K, 0% used [0x00000000f2300000,0x00000000f2300000,0x00000000f4e00000)
 ParOldGen       total 150016K, used 75335K [0x00000000a0000000, 0x00000000a9280000, 0x00000000e0000000)
  object space 150016K, 50% used [0x00000000a0000000,0x00000000a4991f48,0x00000000a9280000)
 Metaspace       used 94917K, capacity 98396K, committed 98496K, reserved 1134592K
  class space    used 12486K, capacity 13234K, committed 13272K, reserved 1048576K
Event: 314,469 GC heap after
Heap after GC invocations=17 (full 3):
 PSYoungGen      total 286720K, used 32136K [0x00000000e0000000, 0x00000000f4b00000, 0x0000000100000000)
  eden space 245760K, 0% used [0x00000000e0000000,0x00000000e0000000,0x00000000ef000000)
  from space 40960K, 78% used [0x00000000f2300000,0x00000000f4262298,0x00000000f4b00000)
  to   space 46592K, 0% used [0x00000000ef000000,0x00000000ef000000,0x00000000f1d80000)
 ParOldGen       total 150016K, used 91283K [0x00000000a0000000, 0x00000000a9280000, 0x00000000e0000000)
  object space 150016K, 60% used [0x00000000a0000000,0x00000000a5924c70,0x00000000a9280000)
 Metaspace       used 94917K, capacity 98396K, committed 98496K, reserved 1134592K
  class space    used 12486K, capacity 13234K, committed 13272K, reserved 1048576K
}
Event: 314,492 GC heap before
{Heap before GC invocations=18 (full 4):
 PSYoungGen      total 286720K, used 32136K [0x00000000e0000000, 0x00000000f4b00000, 0x0000000100000000)
  eden space 245760K, 0% used [0x00000000e0000000,0x00000000e0000000,0x00000000ef000000)
  from space 40960K, 78% used [0x00000000f2300000,0x00000000f4262298,0x00000000f4b00000)
  to   space 46592K, 0% used [0x00000000ef000000,0x00000000ef000000,0x00000000f1d80000)
 ParOldGen       total 150016K, used 91283K [0x00000000a0000000, 0x00000000a9280000, 0x00000000e0000000)
  object space 150016K, 60% used [0x00000000a0000000,0x00000000a5924c70,0x00000000a9280000)
 Metaspace       used 94917K, capacity 98396K, committed 98496K, reserved 1134592K
  class space    used 12486K, capacity 13234K, committed 13272K, reserved 1048576K
Event: 315,301 GC heap after
Heap after GC invocations=18 (full 4):
 PSYoungGen      total 286720K, used 0K [0x00000000e0000000, 0x00000000f4b00000, 0x0000000100000000)
  eden space 245760K, 0% used [0x00000000e0000000,0x00000000e0000000,0x00000000ef000000)
  from space 40960K, 0% used [0x00000000f2300000,0x00000000f2300000,0x00000000f4b00000)
  to   space 46592K, 0% used [0x00000000ef000000,0x00000000ef000000,0x00000000f1d80000)
 ParOldGen       total 224768K, used 66240K [0x00000000a0000000, 0x00000000adb80000, 0x00000000e0000000)
  object space 224768K, 29% used [0x00000000a0000000,0x00000000a40b02b8,0x00000000adb80000)
 Metaspace       used 94892K, capacity 98322K, committed 98496K, reserved 1134592K
  class space    used 12478K, capacity 13219K, committed 13272K, reserved 1048576K
}
Event: 327,086 GC heap before
{Heap before GC invocations=19 (full 4):
 PSYoungGen      total 286720K, used 245760K [0x00000000e0000000, 0x00000000f4b00000, 0x0000000100000000)
  eden space 245760K, 100% used [0x00000000e0000000,0x00000000ef000000,0x00000000ef000000)
  from space 40960K, 0% used [0x00000000f2300000,0x00000000f2300000,0x00000000f4b00000)
  to   space 46592K, 0% used [0x00000000ef000000,0x00000000ef000000,0x00000000f1d80000)
 ParOldGen       total 224768K, used 66240K [0x00000000a0000000, 0x00000000adb80000, 0x00000000e0000000)
  object space 224768K, 29% used [0x00000000a0000000,0x00000000a40b02b8,0x00000000adb80000)
 Metaspace       used 102720K, capacity 106288K, committed 106560K, reserved 1142784K
  class space    used 13329K, capacity 14096K, committed 14168K, reserved 1048576K

