# JRE version: OpenJDK Runtime Environment (8.0_242) (build 1.8.0_242-release-1644-b3-6222593)
# Java VM: OpenJDK 64-Bit Server VM (25.242-b3-6222593 mixed mode linux-amd64 compressed oops)
Heap:
 PSYoungGen      total 462848K, used 0K [0x00000000e0000000, 0x0000000100000000, 0x0000000100000000)
  eden space 411136K, 0% used [0x00000000e0000000,0x00000000e0000000,0x00000000f9180000)
  from space 51712K, 0% used [0x00000000f9180000,0x00000000f9180000,0x00000000fc400000)
  to   space 61440K, 0% used [0x00000000fc400000,0x00000000fc400000,0x0000000100000000)
 ParOldGen       total 186880K, used 186416K [0x00000000a0000000, 0x00000000ab680000, 0x00000000e0000000)
  object space 186880K, 99% used [0x00000000a0000000,0x00000000ab60c198,0x00000000ab680000)
 Metaspace       used 103777K, capacity 108596K, committed 108824K, reserved 1144832K
  class space    used 13420K, capacity 14308K, committed 14384K, reserved 1048576K
GC Heap History (10 events):
Event: 37,663 GC heap after
Heap after GC invocations=17 (full 4):
 PSYoungGen      total 397312K, used 0K [0x00000000e0000000, 0x0000000100000000, 0x0000000100000000)
  eden space 348672K, 0% used [0x00000000e0000000,0x00000000e0000000,0x00000000f5480000)
  from space 48640K, 0% used [0x00000000f5480000,0x00000000f5480000,0x00000000f8400000)
  to   space 46080K, 0% used [0x00000000fd300000,0x00000000fd300000,0x0000000100000000)
 ParOldGen       total 179200K, used 61822K [0x00000000a0000000, 0x00000000aaf00000, 0x00000000e0000000)
  object space 179200K, 34% used [0x00000000a0000000,0x00000000a3c5f958,0x00000000aaf00000)
 Metaspace       used 74465K, capacity 77860K, committed 77976K, reserved 1116160K
  class space    used 9931K, capacity 10585K, committed 10672K, reserved 1048576K
}
Event: 44,298 GC heap before
{Heap before GC invocations=18 (full 4):
 PSYoungGen      total 397312K, used 348672K [0x00000000e0000000, 0x0000000100000000, 0x0000000100000000)
  eden space 348672K, 100% used [0x00000000e0000000,0x00000000f5480000,0x00000000f5480000)
  from space 48640K, 0% used [0x00000000f5480000,0x00000000f5480000,0x00000000f8400000)
  to   space 46080K, 0% used [0x00000000fd300000,0x00000000fd300000,0x0000000100000000)
 ParOldGen       total 179200K, used 61822K [0x00000000a0000000, 0x00000000aaf00000, 0x00000000e0000000)
  object space 179200K, 34% used [0x00000000a0000000,0x00000000a3c5f958,0x00000000aaf00000)
 Metaspace       used 88932K, capacity 92352K, committed 92568K, reserved 1130496K
  class space    used 11548K, capacity 12184K, committed 12208K, reserved 1048576K
Event: 44,429 GC heap after
Heap after GC invocations=18 (full 4):
 PSYoungGen      total 453632K, used 46048K [0x00000000e0000000, 0x0000000100000000, 0x0000000100000000)
  eden space 407552K, 0% used [0x00000000e0000000,0x00000000e0000000,0x00000000f8e00000)
  from space 46080K, 99% used [0x00000000fd300000,0x00000000ffff8200,0x0000000100000000)
  to   space 58368K, 0% used [0x00000000f8e00000,0x00000000f8e00000,0x00000000fc700000)
 ParOldGen       total 179200K, used 74378K [0x00000000a0000000, 0x00000000aaf00000, 0x00000000e0000000)
  object space 179200K, 41% used [0x00000000a0000000,0x00000000a48a2b78,0x00000000aaf00000)
 Metaspace       used 88932K, capacity 92352K, committed 92568K, reserved 1130496K
  class space    used 11548K, capacity 12184K, committed 12208K, reserved 1048576K
}
Event: 54,265 GC heap before
{Heap before GC invocations=19 (full 4):
 PSYoungGen      total 453632K, used 453600K [0x00000000e0000000, 0x0000000100000000, 0x0000000100000000)
  eden space 407552K, 100% used [0x00000000e0000000,0x00000000f8e00000,0x00000000f8e00000)
  from space 46080K, 99% used [0x00000000fd300000,0x00000000ffff8200,0x0000000100000000)
  to   space 58368K, 0% used [0x00000000f8e00000,0x00000000f8e00000,0x00000000fc700000)
 ParOldGen       total 179200K, used 74378K [0x00000000a0000000, 0x00000000aaf00000, 0x00000000e0000000)
  object space 179200K, 41% used [0x00000000a0000000,0x00000000a48a2b78,0x00000000aaf00000)
 Metaspace       used 99300K, capacity 103554K, committed 103704K, reserved 1138688K
  class space    used 13004K, capacity 13819K, committed 13872K, reserved 1048576K
Event: 54,617 GC heap after
Heap after GC invocations=19 (full 4):
 PSYoungGen      total 465920K, used 20311K [0x00000000e0000000, 0x0000000100000000, 0x0000000100000000)
  eden space 407552K, 0% used [0x00000000e0000000,0x00000000e0000000,0x00000000f8e00000)
  from space 58368K, 34% used [0x00000000f8e00000,0x00000000fa1d5d88,0x00000000fc700000)
  to   space 54784K, 0% used [0x00000000fca80000,0x00000000fca80000,0x0000000100000000)
 ParOldGen       total 179200K, used 118800K [0x00000000a0000000, 0x00000000aaf00000, 0x00000000e0000000)
  object space 179200K, 66% used [0x00000000a0000000,0x00000000a74042a0,0x00000000aaf00000)
 Metaspace       used 99300K, capacity 103554K, committed 103704K, reserved 1138688K
  class space    used 13004K, capacity 13819K, committed 13872K, reserved 1048576K
}
Event: 298,999 GC heap before
{Heap before GC invocations=20 (full 4):
 PSYoungGen      total 465920K, used 427863K [0x00000000e0000000, 0x0000000100000000, 0x0000000100000000)
  eden space 407552K, 100% used [0x00000000e0000000,0x00000000f8e00000,0x00000000f8e00000)
  from space 58368K, 34% used [0x00000000f8e00000,0x00000000fa1d5d88,0x00000000fc700000)
  to   space 54784K, 0% used [0x00000000fca80000,0x00000000fca80000,0x0000000100000000)
 ParOldGen       total 179200K, used 118800K [0x00000000a0000000, 0x00000000aaf00000, 0x00000000e0000000)
  object space 179200K, 66% used [0x00000000a0000000,0x00000000a74042a0,0x00000000aaf00000)
 Metaspace       used 102061K, capacity 106796K, committed 107160K, reserved 1142784K
  class space    used 13255K, capacity 14130K, committed 14256K, reserved 1048576K
Event: 299,050 GC heap after
Heap after GC invocations=20 (full 4):
 PSYoungGen      total 456192K, used 20139K [0x00000000e0000000, 0x00000000ff680000, 0x0000000100000000)
  eden space 411136K, 0% used [0x00000000e0000000,0x00000000e0000000,0x00000000f9180000)
  from space 45056K, 44% used [0x00000000fca80000,0x00000000fde2ad78,0x00000000ff680000)
  to   space 51712K, 0% used [0x00000000f9180000,0x00000000f9180000,0x00000000fc400000)
 ParOldGen       total 179200K, used 118808K [0x00000000a0000000, 0x00000000aaf00000, 0x00000000e0000000)
  object space 179200K, 66% used [0x00000000a0000000,0x00000000a74062a0,0x00000000aaf00000)
 Metaspace       used 102061K, capacity 106796K, committed 107160K, reserved 1142784K
  class space    used 13255K, capacity 14130K, committed 14256K, reserved 1048576K
}
Event: 303,377 GC heap before
{Heap before GC invocations=21 (full 4):
 PSYoungGen      total 456192K, used 431275K [0x00000000e0000000, 0x00000000ff680000, 0x0000000100000000)
  eden space 411136K, 100% used [0x00000000e0000000,0x00000000f9180000,0x00000000f9180000)
  from space 45056K, 44% used [0x00000000fca80000,0x00000000fde2ad78,0x00000000ff680000)
  to   space 51712K, 0% used [0x00000000f9180000,0x00000000f9180000,0x00000000fc400000)
 ParOldGen       total 179200K, used 118808K [0x00000000a0000000, 0x00000000aaf00000, 0x00000000e0000000)
  object space 179200K, 66% used [0x00000000a0000000,0x00000000a74062a0,0x00000000aaf00000)
 Metaspace       used 103782K, capacity 108606K, committed 108824K, reserved 1144832K
  class space    used 13422K, capacity 14311K, committed 14384K, reserved 1048576K
Event: 336,313 GC heap after
Heap after GC invocations=21 (full 4):
 PSYoungGen      total 462848K, used 51702K [0x00000000e0000000, 0x0000000100000000, 0x0000000100000000)
  eden space 411136K, 0% used [0x00000000e0000000,0x00000000e0000000,0x00000000f9180000)
  from space 51712K, 99% used [0x00000000f9180000,0x00000000fc3fd960,0x00000000fc400000)
  to   space 61440K, 0% used [0x00000000fc400000,0x00000000fc400000,0x0000000100000000)
 ParOldGen       total 186880K, used 186822K [0x00000000a0000000, 0x00000000ab680000, 0x00000000e0000000)
  object space 186880K, 99% used [0x00000000a0000000,0x00000000ab6719e0,0x00000000ab680000)
 Metaspace       used 103782K, capacity 108606K, committed 108824K, reserved 1144832K
  class space    used 13422K, capacity 14311K, committed 14384K, reserved 1048576K
}
Event: 336,546 GC heap before
{Heap before GC invocations=22 (full 5):
 PSYoungGen      total 462848K, used 51702K [0x00000000e0000000, 0x0000000100000000, 0x0000000100000000)
  eden space 411136K, 0% used [0x00000000e0000000,0x00000000e0000000,0x00000000f9180000)
  from space 51712K, 99% used [0x00000000f9180000,0x00000000fc3fd960,0x00000000fc400000)
  to   space 61440K, 0% used [0x00000000fc400000,0x00000000fc400000,0x0000000100000000)
 ParOldGen       total 186880K, used 186822K [0x00000000a0000000, 0x00000000ab680000, 0x00000000e0000000)
  object space 186880K, 99% used [0x00000000a0000000,0x00000000ab6719e0,0x00000000ab680000)
 Metaspace       used 103782K, capacity 108606K, committed 108824K, reserved 1144832K
  class space    used 13422K, capacity 14311K, committed 14384K, reserved 1048576K

